Change Component Footprint: Designator=D1 Old Footprint=FP-6_544-5255_01-4-MFG New Footprint=FP-6_544-5255_01-4-MFG
Change Component Footprint: Designator=D2 Old Footprint=FP-6_544-5255_01-4-MFG New Footprint=FP-6_544-5255_01-4-MFG
Change Component Footprint: Designator=D3 Old Footprint=FP-6_544-5255_01-4-MFG New Footprint=FP-6_544-5255_01-4-MFG
Change Component Footprint: Designator=D4 Old Footprint=FP-6_544-5255_01-4-MFG New Footprint=FP-6_544-5255_01-4-MFG
Added Component: Designator=D5(FP-SMBJ30A-E3-52-0)
Add component (AddParameter): Name = "Breakdown Voltage"; Value = "36.8V"; VariantName = "[No Variations]"
Add component (AddParameter): Name = "Case/Package"; Value = "DO-214AA"; VariantName = "[No Variations]"
Add component (AddParameter): Name = "Clamping Voltage"; Value = "48.4V"; VariantName = "[No Variations]"
Add component (AddParameter): Name = "Clamping Voltage-Max"; Value = "48.4V"; VariantName = "[No Variations]"
Add component (AddParameter): Name = "Diode Type"; Value = "ZENER"; VariantName = "[No Variations]"
Add component (AddParameter): Name = "Direction"; Value = "Unidirectional"; VariantName = "[No Variations]"
Add component (AddParameter): Name = "Element Configuration"; Value = "Single"; VariantName = "[No Variations]"
Add component (AddParameter): Name = "Height"; Value = "2.24mm"; VariantName = "[No Variations]"
Add component (AddParameter): Name = "Lead Free"; Value = "Lead Free"; VariantName = "[No Variations]"
Add component (AddParameter): Name = "Leakage Current"; Value = "1uA"; VariantName = "[No Variations]"
Add component (AddParameter): Name = "Length"; Value = "4.57mm"; VariantName = "[No Variations]"
Add component (AddParameter): Name = "Max Breakdown Voltage"; Value = "36.8V"; VariantName = "[No Variations]"
Add component (AddParameter): Name = "Max Operating Temperature"; Value = "150°C"; VariantName = "[No Variations]"
Add component (AddParameter): Name = "Max Power Dissipation"; Value = "600W"; VariantName = "[No Variations]"
Add component (AddParameter): Name = "Max Reverse Leakage Current"; Value = "1uA"; VariantName = "[No Variations]"
Add component (AddParameter): Name = "Max Surge Current"; Value = "12.4A"; VariantName = "[No Variations]"
Add component (AddParameter): Name = "Min Breakdown Voltage"; Value = "33.3V"; VariantName = "[No Variations]"
Add component (AddParameter): Name = "Min Operating Temperature"; Value = "-55°C"; VariantName = "[No Variations]"
Add component (AddParameter): Name = "Mount"; Value = "Surface Mount"; VariantName = "[No Variations]"
Add component (AddParameter): Name = "Number of Channels"; Value = "1"; VariantName = "[No Variations]"
Add component (AddParameter): Name = "Number of Elements"; Value = "1"; VariantName = "[No Variations]"
Add component (AddParameter): Name = "Number of Pins"; Value = "2"; VariantName = "[No Variations]"
Add component (AddParameter): Name = "Number of Unidirectional Channels"; Value = "1"; VariantName = "[No Variations]"
Add component (AddParameter): Name = "Operating Supply Voltage"; Value = "30V"; VariantName = "[No Variations]"
Add component (AddParameter): Name = "Package Quantity"; Value = "750"; VariantName = "[No Variations]"
Add component (AddParameter): Name = "Packaging"; Value = "Tape and Reel"; VariantName = "[No Variations]"
Add component (AddParameter): Name = "Peak Pulse Current"; Value = "12.4A"; VariantName = "[No Variations]"
Add component (AddParameter): Name = "Peak Pulse Power"; Value = "600W"; VariantName = "[No Variations]"
Add component (AddParameter): Name = "Polarity"; Value = "Unidirectional"; VariantName = "[No Variations]"
Add component (AddParameter): Name = "Power Dissipation"; Value = "600W"; VariantName = "[No Variations]"
Add component (AddParameter): Name = "Power Line Protection"; Value = "No"; VariantName = "[No Variations]"
Add component (AddParameter): Name = "Radiation Hardening"; Value = "No"; VariantName = "[No Variations]"
Add component (AddParameter): Name = "Resistor Type"; Value = "Zener"; VariantName = "[No Variations]"
Add component (AddParameter): Name = "Reverse Breakdown Voltage"; Value = "33.3V"; VariantName = "[No Variations]"
Add component (AddParameter): Name = "Reverse Standoff Voltage"; Value = "30V"; VariantName = "[No Variations]"
Add component (AddParameter): Name = "RoHS Compliant"; Value = "Yes"; VariantName = "[No Variations]"
Add component (AddParameter): Name = "Series"; Value = "TransZorb®"; VariantName = "[No Variations]"
Add component (AddParameter): Name = "Termination"; Value = "SMD/SMT"; VariantName = "[No Variations]"
Add component (AddParameter): Name = "Test Current"; Value = "1mA"; VariantName = "[No Variations]"
Add component (AddParameter): Name = "Width"; Value = "3.94mm"; VariantName = "[No Variations]"
Added Pin To Net: NetName=VM Pin=D5-1
Added Pin To Net: NetName=GND Pin=D5-2
Added Member To Class: ClassName=Sheet1 Member=Component C1 100uF
Added Member To Class: ClassName=Sheet1 Member=Component C2 100uF
Added Member To Class: ClassName=Sheet1 Member=Component C3 100uF
Added Member To Class: ClassName=Sheet1 Member=Component C4 100uF
Added Member To Class: ClassName=Sheet1 Member=Component C5 1uF
Added Member To Class: ClassName=Sheet1 Member=Component C6 47nF
Added Member To Class: ClassName=Sheet1 Member=Component C7 1uF
Added Member To Class: ClassName=Sheet1 Member=Component C8 100nF
Added Member To Class: ClassName=Sheet1 Member=Component C9 ???uF
Added Member To Class: ClassName=Sheet1 Member=Component C10 18pF
Added Member To Class: ClassName=Sheet1 Member=Component C11 18pF
Added Member To Class: ClassName=Sheet1 Member=Component C12 1uF
Added Member To Class: ClassName=Sheet1 Member=Component C13 47nF
Added Member To Class: ClassName=Sheet1 Member=Component C14 1uF
Added Member To Class: ClassName=Sheet1 Member=Component C15 100nF
Added Member To Class: ClassName=Sheet1 Member=Component C16 100nF
Added Member To Class: ClassName=Sheet1 Member=Component C17 ???uF
Added Member To Class: ClassName=Sheet1 Member=Component D5 SMBJ30A
Added Member To Class: ClassName=Sheet1 Member=Component J2 1814951
Added Member To Class: ClassName=Sheet1 Member=Component J3 1814951
Added Member To Class: ClassName=Sheet1 Member=Component J4 M0
Added Member To Class: ClassName=Sheet1 Member=Component J5 M1
Added Member To Class: ClassName=Sheet1 Member=Component J6 1814935
Added Member To Class: ClassName=Sheet1 Member=Component R2 680
Added Member To Class: ClassName=Sheet1 Member=Component R3 10k
Added Member To Class: ClassName=Sheet1 Member=Component R6 1K
Added Member To Class: ClassName=Sheet1 Member=Component R7 1K
