Removed Pin From Net: NetName=GND Pin=J1-1
Removed Pin From Net: NetName=NetF1_1 Pin=J1-2
Added Pin To Net: NetName=NetF1_1 Pin=J1-1
Added Pin To Net: NetName=GND Pin=J1-2
Added Member To Class: ClassName=Sheet1 Member=Component C10 100nF
Added Member To Class: ClassName=Sheet1 Member=Component C11 18pF
Added Member To Class: ClassName=Sheet1 Member=Component C13 1uF
Added Member To Class: ClassName=Sheet1 Member=Component C15 1uF
Added Member To Class: ClassName=Sheet1 Member=Component C16 100nF
Added Member To Class: ClassName=Sheet1 Member=Component C17 100nF
Added Member To Class: ClassName=Sheet1 Member=Component C19 ???uF
Added Member To Class: ClassName=Sheet1 Member=Component C20 100nF
Added Member To Class: ClassName=Sheet1 Member=Component C21 100nF
Added Member To Class: ClassName=Sheet1 Member=Component C23 100nF
Added Member To Class: ClassName=Sheet1 Member=Component C25 100nF
Added Member To Class: ClassName=Sheet1 Member=Component D1 SMBJ30A
Added Member To Class: ClassName=Sheet1 Member=Component D3 TLLG4401
Added Member To Class: ClassName=Sheet1 Member=Component D5 TLLG4401
Added Member To Class: ClassName=Sheet1 Member=Component R5 10k
Added Member To Class: ClassName=Sheet1 Member=Component R6 10k
Added Member To Class: ClassName=Sheet1 Member=Component R7 680
Added Member To Class: ClassName=Sheet1 Member=Component R10 1K
Added Member To Class: ClassName=Sheet1 Member=Component R11 1K
