Added Component: Designator=J7(Header2x3 - duplicate)
Added Component: Designator=J8(Header1x4)
Added Component: Designator=J9(Header1x4)
Added Pin To Net: NetName=MISO Pin=J7-1
Added Pin To Net: NetName=SCK Pin=J7-2
Added Pin To Net: NetName=RESET Pin=J7-3
Added Pin To Net: NetName=+5V Pin=J7-4
Added Pin To Net: NetName=MOSI Pin=J7-5
Added Pin To Net: NetName=GND Pin=J7-6
Added Pin To Net: NetName=TX Pin=J8-1
Added Pin To Net: NetName=RX Pin=J8-2
Added Pin To Net: NetName=GND Pin=J8-3
Added Pin To Net: NetName=+5V Pin=J8-4
Added Pin To Net: NetName=SDA Pin=J9-1
Added Pin To Net: NetName=SCL Pin=J9-2
Added Pin To Net: NetName=GND Pin=J9-3
Added Pin To Net: NetName=+5V Pin=J9-4
Added Member To Class: ClassName=Battery_Module Member=Component J7 ICSP
Added Member To Class: ClassName=Battery_Module Member=Component J8 UART
Added Member To Class: ClassName=Battery_Module Member=Component J9 DISPLAY
